Start testing: Oct 06 18:05 CEST
----------------------------------------------------------
1/1 Testing: ExampleTest
1/1 Test: ExampleTest
Command: "/home/shymon/My/C/gtest/build/test/ExampleTest"
Directory: /home/shymon/My/C/gtest/build/test
"ExampleTest" start time: Oct 06 18:05 CEST
Output:
----------------------------------------------------------
Running main() from /home/shymon/My/C/gtest/googletest/googletest/src/gtest_main.cc
[==========] Running 1 test from 1 test suite.
[----------] Global test environment set-up.
[----------] 1 test from ExampleTests
[ RUN      ] ExampleTests.example
[       OK ] ExampleTests.example (0 ms)
[----------] 1 test from ExampleTests (0 ms total)

[----------] Global test environment tear-down
[==========] 1 test from 1 test suite ran. (0 ms total)
[  PASSED  ] 1 test.
<end of output>
Test time =   0.00 sec
----------------------------------------------------------
Test Passed.
"ExampleTest" end time: Oct 06 18:05 CEST
"ExampleTest" time elapsed: 00:00:00
----------------------------------------------------------

End testing: Oct 06 18:05 CEST
